<?xml version="1.0" encoding="UTF-8"?>
<testsuite name="seedu.address.logic.commands.DeleteCommandTest" tests="6" skipped="0" failures="0" errors="0" timestamp="2024-04-03T09:48:35" hostname="evelyns-air-3.lan" time="0.011">
  <properties/>
  <testcase name="equals()" classname="seedu.address.logic.commands.DeleteCommandTest" time="0.0"/>
  <testcase name="execute_invalidIndexUnfilteredList_throwsCommandException()" classname="seedu.address.logic.commands.DeleteCommandTest" time="0.0"/>
  <testcase name="toStringMethod()" classname="seedu.address.logic.commands.DeleteCommandTest" time="0.001"/>
  <testcase name="execute_validIndexUnfilteredList_success()" classname="seedu.address.logic.commands.DeleteCommandTest" time="0.001"/>
  <testcase name="execute_validIndexFilteredList_success()" classname="seedu.address.logic.commands.DeleteCommandTest" time="0.003"/>
  <testcase name="execute_invalidIndexFilteredList_throwsCommandException()" classname="seedu.address.logic.commands.DeleteCommandTest" time="0.0"/>
  <system-out><![CDATA[]]></system-out>
  <system-err><![CDATA[]]></system-err>
</testsuite>
