<?xml version="1.0" encoding="UTF-8"?>
<testsuite name="seedu.address.logic.commands.AddCommandTest" tests="5" skipped="0" failures="0" errors="0" timestamp="2024-04-03T09:48:35" hostname="evelyns-air-3.lan" time="0.009">
  <properties/>
  <testcase name="equals()" classname="seedu.address.logic.commands.AddCommandTest" time="0.0"/>
  <testcase name="toStringMethod()" classname="seedu.address.logic.commands.AddCommandTest" time="0.0"/>
  <testcase name="constructor_nullStudent_throwsNullPointerException()" classname="seedu.address.logic.commands.AddCommandTest" time="0.0"/>
  <testcase name="execute_duplicateStudent_throwsCommandException()" classname="seedu.address.logic.commands.AddCommandTest" time="0.002"/>
  <testcase name="execute_studentAcceptedByModel_addSuccessful()" classname="seedu.address.logic.commands.AddCommandTest" time="0.002"/>
  <system-out><![CDATA[]]></system-out>
  <system-err><![CDATA[]]></system-err>
</testsuite>
