<?xml version="1.0" encoding="UTF-8"?>
<testsuite name="seedu.address.model.student.PhoneTest" tests="5" skipped="0" failures="0" errors="0" timestamp="2024-04-03T09:48:36" hostname="evelyns-air-3.lan" time="0.003">
  <properties/>
  <testcase name="compareTo_shorterNumber_returnsPositiveValue()" classname="seedu.address.model.student.PhoneTest" time="0.001"/>
  <testcase name="equals()" classname="seedu.address.model.student.PhoneTest" time="0.0"/>
  <testcase name="constructor_null_throwsNullPointerException()" classname="seedu.address.model.student.PhoneTest" time="0.001"/>
  <testcase name="constructor_invalidPhone_throwsIllegalArgumentException()" classname="seedu.address.model.student.PhoneTest" time="0.0"/>
  <testcase name="isValidPhone()" classname="seedu.address.model.student.PhoneTest" time="0.0"/>
  <system-out><![CDATA[]]></system-out>
  <system-err><![CDATA[]]></system-err>
</testsuite>
