<?xml version="1.0" encoding="UTF-8"?>
<testsuite name="seedu.address.logic.commands.StarCommandTest" tests="3" skipped="0" failures="0" errors="0" timestamp="2024-04-03T09:48:35" hostname="evelyns-air-3.lan" time="0.005">
  <properties/>
  <testcase name="equals()" classname="seedu.address.logic.commands.StarCommandTest" time="0.001"/>
  <testcase name="execute_addStarUnfilteredList_success()" classname="seedu.address.logic.commands.StarCommandTest" time="0.001"/>
  <testcase name="execute_invalidStudentIndexUnfilteredList_failure()" classname="seedu.address.logic.commands.StarCommandTest" time="0.001"/>
  <system-out><![CDATA[]]></system-out>
  <system-err><![CDATA[]]></system-err>
</testsuite>
