<?xml version="1.0" encoding="UTF-8"?>
<testsuite name="seedu.address.commons.util.AppUtilTest" tests="5" skipped="0" failures="0" errors="0" timestamp="2024-04-03T09:48:34" hostname="evelyns-air-3.lan" time="0.425">
  <properties/>
  <testcase name="getImage_exitingImage()" classname="seedu.address.commons.util.AppUtilTest" time="0.419"/>
  <testcase name="checkArgument_falseWithoutErrorMessage_throwsIllegalArgumentException()" classname="seedu.address.commons.util.AppUtilTest" time="0.001"/>
  <testcase name="getImage_nullGiven_throwsNullPointerException()" classname="seedu.address.commons.util.AppUtilTest" time="0.001"/>
  <testcase name="checkArgument_true_nothingHappens()" classname="seedu.address.commons.util.AppUtilTest" time="0.001"/>
  <testcase name="checkArgument_falseWithErrorMessage_throwsIllegalArgumentException()" classname="seedu.address.commons.util.AppUtilTest" time="0.001"/>
  <system-out><![CDATA[]]></system-out>
  <system-err><![CDATA[]]></system-err>
</testsuite>
