<?xml version="1.0" encoding="UTF-8"?>
<testsuite name="seedu.address.commons.core.ConfigTest" tests="2" skipped="0" failures="0" errors="0" timestamp="2024-04-03T09:48:34" hostname="evelyns-air-3.lan" time="0.02">
  <properties/>
  <testcase name="equalsMethod()" classname="seedu.address.commons.core.ConfigTest" time="0.001"/>
  <testcase name="toStringMethod()" classname="seedu.address.commons.core.ConfigTest" time="0.018"/>
  <system-out><![CDATA[]]></system-out>
  <system-err><![CDATA[]]></system-err>
</testsuite>
