<?xml version="1.0" encoding="UTF-8"?>
<testsuite name="seedu.address.commons.util.CollectionUtilTest" tests="3" skipped="0" failures="0" errors="0" timestamp="2024-04-03T09:48:34" hostname="evelyns-air-3.lan" time="0.007">
  <properties/>
  <testcase name="requireAllNonNullCollection()" classname="seedu.address.commons.util.CollectionUtilTest" time="0.002"/>
  <testcase name="requireAllNonNullVarargs()" classname="seedu.address.commons.util.CollectionUtilTest" time="0.001"/>
  <testcase name="isAnyNonNull()" classname="seedu.address.commons.util.CollectionUtilTest" time="0.002"/>
  <system-out><![CDATA[]]></system-out>
  <system-err><![CDATA[]]></system-err>
</testsuite>
