<?xml version="1.0" encoding="UTF-8"?>
<testsuite name="seedu.address.logic.commands.ClearCommandTest" tests="2" skipped="0" failures="0" errors="0" timestamp="2024-04-03T09:48:35" hostname="evelyns-air-3.lan" time="0.003">
  <properties/>
  <testcase name="execute_emptyAddressBook_success()" classname="seedu.address.logic.commands.ClearCommandTest" time="0.001"/>
  <testcase name="execute_nonEmptyAddressBook_success()" classname="seedu.address.logic.commands.ClearCommandTest" time="0.002"/>
  <system-out><![CDATA[]]></system-out>
  <system-err><![CDATA[]]></system-err>
</testsuite>
