<?xml version="1.0" encoding="UTF-8"?>
<testsuite name="seedu.address.logic.commands.AddCommandIntegrationTest" tests="2" skipped="0" failures="0" errors="0" timestamp="2024-04-03T09:48:35" hostname="evelyns-air-3.lan" time="0.005">
  <properties/>
  <testcase name="execute_duplicateStudent_throwsCommandException()" classname="seedu.address.logic.commands.AddCommandIntegrationTest" time="0.002"/>
  <testcase name="execute_newStudent_success()" classname="seedu.address.logic.commands.AddCommandIntegrationTest" time="0.002"/>
  <system-out><![CDATA[]]></system-out>
  <system-err><![CDATA[]]></system-err>
</testsuite>
