<?xml version="1.0" encoding="UTF-8"?>
<testsuite name="seedu.address.commons.util.JsonUtilTest" tests="2" skipped="0" failures="0" errors="0" timestamp="2024-04-03T09:48:35" hostname="evelyns-air-3.lan" time="0.03">
  <properties/>
  <testcase name="deserializeObjectFromJsonFile_noExceptionThrown()" classname="seedu.address.commons.util.JsonUtilTest" time="0.019"/>
  <testcase name="serializeObjectToJsonFile_noExceptionThrown()" classname="seedu.address.commons.util.JsonUtilTest" time="0.01"/>
  <system-out><![CDATA[]]></system-out>
  <system-err><![CDATA[]]></system-err>
</testsuite>
