<?xml version="1.0" encoding="UTF-8"?>
<testsuite name="seedu.address.logic.commands.SortCommandTest" tests="5" skipped="0" failures="0" errors="0" timestamp="2024-04-03T09:48:35" hostname="evelyns-air-3.lan" time="0.012">
  <properties/>
  <testcase name="equals()" classname="seedu.address.logic.commands.SortCommandTest" time="0.001"/>
  <testcase name="toStringMethod()" classname="seedu.address.logic.commands.SortCommandTest" time="0.001"/>
  <testcase name="execute_majorAscendingFieldAllCaps_success()" classname="seedu.address.logic.commands.SortCommandTest" time="0.002"/>
  <testcase name="execute_starAscending_success()" classname="seedu.address.logic.commands.SortCommandTest" time="0.002"/>
  <testcase name="execute_nameDescending_success()" classname="seedu.address.logic.commands.SortCommandTest" time="0.001"/>
  <system-out><![CDATA[]]></system-out>
  <system-err><![CDATA[]]></system-err>
</testsuite>
