<?xml version="1.0" encoding="UTF-8"?>
<testsuite name="seedu.address.model.AddressBookTest" tests="10" skipped="0" failures="0" errors="0" timestamp="2024-04-03T09:48:36" hostname="evelyns-air-3.lan" time="0.007">
  <properties/>
  <testcase name="getStudentList_modifyList_throwsUnsupportedOperationException()" classname="seedu.address.model.AddressBookTest" time="0.001"/>
  <testcase name="constructor()" classname="seedu.address.model.AddressBookTest" time="0.0"/>
  <testcase name="hasStudent_nullStudent_throwsNullPointerException()" classname="seedu.address.model.AddressBookTest" time="0.001"/>
  <testcase name="toStringMethod()" classname="seedu.address.model.AddressBookTest" time="0.001"/>
  <testcase name="hasStudent_studentWithSameIdentityFieldsInAddressBook_returnsTrue()" classname="seedu.address.model.AddressBookTest" time="0.0"/>
  <testcase name="hasStudent_studentInAddressBook_returnsTrue()" classname="seedu.address.model.AddressBookTest" time="0.0"/>
  <testcase name="resetData_null_throwsNullPointerException()" classname="seedu.address.model.AddressBookTest" time="0.0"/>
  <testcase name="resetData_withDuplicateStudents_throwsDuplicateStudentException()" classname="seedu.address.model.AddressBookTest" time="0.0"/>
  <testcase name="resetData_withValidReadOnlyAddressBook_replacesData()" classname="seedu.address.model.AddressBookTest" time="0.0"/>
  <testcase name="hasStudent_studentNotInAddressBook_returnsFalse()" classname="seedu.address.model.AddressBookTest" time="0.0"/>
  <system-out><![CDATA[]]></system-out>
  <system-err><![CDATA[]]></system-err>
</testsuite>
