<?xml version="1.0" encoding="UTF-8"?>
<testsuite name="seedu.address.logic.parser.EditCommandParserTest" tests="8" skipped="0" failures="0" errors="0" timestamp="2024-04-03T09:48:36" hostname="evelyns-air-3.lan" time="0.05">
  <properties/>
  <testcase name="parse_resetTags_success()" classname="seedu.address.logic.parser.EditCommandParserTest" time="0.002"/>
  <testcase name="parse_someFieldsSpecified_success()" classname="seedu.address.logic.parser.EditCommandParserTest" time="0.004"/>
  <testcase name="parse_oneFieldSpecified_success()" classname="seedu.address.logic.parser.EditCommandParserTest" time="0.001"/>
  <testcase name="parse_missingParts_failure()" classname="seedu.address.logic.parser.EditCommandParserTest" time="0.001"/>
  <testcase name="parse_invalidPreamble_failure()" classname="seedu.address.logic.parser.EditCommandParserTest" time="0.001"/>
  <testcase name="parse_allFieldsSpecified_success()" classname="seedu.address.logic.parser.EditCommandParserTest" time="0.009"/>
  <testcase name="parse_invalidValue_failure()" classname="seedu.address.logic.parser.EditCommandParserTest" time="0.008"/>
  <testcase name="parse_multipleRepeatedFields_failure()" classname="seedu.address.logic.parser.EditCommandParserTest" time="0.019"/>
  <system-out><![CDATA[]]></system-out>
  <system-err><![CDATA[]]></system-err>
</testsuite>
