<?xml version="1.0" encoding="UTF-8"?>
<testsuite name="seedu.address.logic.parser.DeleteCommandParserTest" tests="2" skipped="0" failures="0" errors="0" timestamp="2024-04-03T09:48:36" hostname="evelyns-air-3.lan" time="0.002">
  <properties/>
  <testcase name="parse_validArgs_returnsDeleteCommand()" classname="seedu.address.logic.parser.DeleteCommandParserTest" time="0.001"/>
  <testcase name="parse_invalidArgs_throwsParseException()" classname="seedu.address.logic.parser.DeleteCommandParserTest" time="0.001"/>
  <system-out><![CDATA[]]></system-out>
  <system-err><![CDATA[]]></system-err>
</testsuite>
