<?xml version="1.0" encoding="UTF-8"?>
<testsuite name="seedu.address.commons.core.index.IndexTest" tests="4" skipped="0" failures="0" errors="0" timestamp="2024-04-03T09:48:34" hostname="evelyns-air-3.lan" time="0.011">
  <properties/>
  <testcase name="equals()" classname="seedu.address.commons.core.index.IndexTest" time="0.001"/>
  <testcase name="toStringMethod()" classname="seedu.address.commons.core.index.IndexTest" time="0.006"/>
  <testcase name="createZeroBasedIndex()" classname="seedu.address.commons.core.index.IndexTest" time="0.001"/>
  <testcase name="createOneBasedIndex()" classname="seedu.address.commons.core.index.IndexTest" time="0.001"/>
  <system-out><![CDATA[]]></system-out>
  <system-err><![CDATA[]]></system-err>
</testsuite>
