<?xml version="1.0" encoding="UTF-8"?>
<testsuite name="seedu.address.logic.commands.EditCommandTest" tests="10" skipped="0" failures="0" errors="0" timestamp="2024-04-03T09:48:35" hostname="evelyns-air-3.lan" time="0.037">
  <properties/>
  <testcase name="execute_duplicateStudentFilteredList_failure()" classname="seedu.address.logic.commands.EditCommandTest" time="0.021"/>
  <testcase name="equals()" classname="seedu.address.logic.commands.EditCommandTest" time="0.001"/>
  <testcase name="toStringMethod()" classname="seedu.address.logic.commands.EditCommandTest" time="0.001"/>
  <testcase name="execute_allFieldsSpecifiedUnfilteredList_success()" classname="seedu.address.logic.commands.EditCommandTest" time="0.001"/>
  <testcase name="execute_filteredList_success()" classname="seedu.address.logic.commands.EditCommandTest" time="0.002"/>
  <testcase name="execute_someFieldsSpecifiedUnfilteredList_success()" classname="seedu.address.logic.commands.EditCommandTest" time="0.001"/>
  <testcase name="execute_invalidStudentIndexFilteredList_failure()" classname="seedu.address.logic.commands.EditCommandTest" time="0.001"/>
  <testcase name="execute_duplicateStudentUnfilteredList_failure()" classname="seedu.address.logic.commands.EditCommandTest" time="0.0"/>
  <testcase name="execute_noFieldSpecifiedUnfilteredList_success()" classname="seedu.address.logic.commands.EditCommandTest" time="0.0"/>
  <testcase name="execute_invalidStudentIndexUnfilteredList_failure()" classname="seedu.address.logic.commands.EditCommandTest" time="0.0"/>
  <system-out><![CDATA[]]></system-out>
  <system-err><![CDATA[]]></system-err>
</testsuite>
