<?xml version="1.0" encoding="UTF-8"?>
<testsuite name="seedu.address.logic.parser.SortCommandParserTest" tests="7" skipped="0" failures="0" errors="0" timestamp="2024-04-03T09:48:36" hostname="evelyns-air-3.lan" time="0.005">
  <properties/>
  <testcase name="parse_unknownDirection_throws()" classname="seedu.address.logic.parser.SortCommandParserTest" time="0.001"/>
  <testcase name="parse_emptyString_throws()" classname="seedu.address.logic.parser.SortCommandParserTest" time="0.0"/>
  <testcase name="parse_word_success()" classname="seedu.address.logic.parser.SortCommandParserTest" time="0.0"/>
  <testcase name="parse_spaces_throws()" classname="seedu.address.logic.parser.SortCommandParserTest" time="0.001"/>
  <testcase name="parse_extraSpace_success()" classname="seedu.address.logic.parser.SortCommandParserTest" time="0.0"/>
  <testcase name="parse_onlyField_throws()" classname="seedu.address.logic.parser.SortCommandParserTest" time="0.0"/>
  <testcase name="parse_unknownField_throws()" classname="seedu.address.logic.parser.SortCommandParserTest" time="0.001"/>
  <system-out><![CDATA[]]></system-out>
  <system-err><![CDATA[]]></system-err>
</testsuite>
