<?xml version="1.0" encoding="UTF-8"?>
<testsuite name="seedu.address.logic.commands.ExitCommandTest" tests="1" skipped="0" failures="0" errors="0" timestamp="2024-04-03T09:48:35" hostname="evelyns-air-3.lan" time="0.001">
  <properties/>
  <testcase name="execute_exit_success()" classname="seedu.address.logic.commands.ExitCommandTest" time="0.001"/>
  <system-out><![CDATA[]]></system-out>
  <system-err><![CDATA[]]></system-err>
</testsuite>
