<?xml version="1.0" encoding="UTF-8"?>
<testsuite name="seedu.address.model.student.predicates.NameContainsKeywordsPredicateTest" tests="4" skipped="0" failures="0" errors="0" timestamp="2024-04-03T09:48:36" hostname="evelyns-air-3.lan" time="0.003">
  <properties/>
  <testcase name="equals()" classname="seedu.address.model.student.predicates.NameContainsKeywordsPredicateTest" time="0.001"/>
  <testcase name="toStringMethod()" classname="seedu.address.model.student.predicates.NameContainsKeywordsPredicateTest" time="0.0"/>
  <testcase name="test_nameContainsKeywords_returnsTrue()" classname="seedu.address.model.student.predicates.NameContainsKeywordsPredicateTest" time="0.0"/>
  <testcase name="test_nameDoesNotContainKeywords_returnsFalse()" classname="seedu.address.model.student.predicates.NameContainsKeywordsPredicateTest" time="0.0"/>
  <system-out><![CDATA[]]></system-out>
  <system-err><![CDATA[]]></system-err>
</testsuite>
