<?xml version="1.0" encoding="UTF-8"?>
<testsuite name="seedu.address.logic.commands.FindCommandTest" tests="7" skipped="0" failures="0" errors="0" timestamp="2024-04-03T09:48:35" hostname="evelyns-air-3.lan" time="0.018">
  <properties/>
  <testcase name="execute_multipleKeywords_multipleStudentsFound()" classname="seedu.address.logic.commands.FindCommandTest" time="0.001"/>
  <testcase name="equals()" classname="seedu.address.logic.commands.FindCommandTest" time="0.001"/>
  <testcase name="execute_findStarOrBolt_success()" classname="seedu.address.logic.commands.FindCommandTest" time="0.003"/>
  <testcase name="toStringMethod()" classname="seedu.address.logic.commands.FindCommandTest" time="0.001"/>
  <testcase name="execute_findMajorComputerScience_oneStudentFound()" classname="seedu.address.logic.commands.FindCommandTest" time="0.003"/>
  <testcase name="execute_zeroKeywords_noStudentFound()" classname="seedu.address.logic.commands.FindCommandTest" time="0.002"/>
  <testcase name="execute_findTagFriends_multipleStudentsFound()" classname="seedu.address.logic.commands.FindCommandTest" time="0.001"/>
  <system-out><![CDATA[]]></system-out>
  <system-err><![CDATA[]]></system-err>
</testsuite>
