<?xml version="1.0" encoding="UTF-8"?>
<testsuite name="seedu.address.commons.util.ConfigUtilTest" tests="9" skipped="0" failures="0" errors="0" timestamp="2024-04-03T09:48:34" hostname="evelyns-air-3.lan" time="0.692">
  <properties/>
  <testcase name="read_missingFile_emptyResult()" classname="seedu.address.commons.util.ConfigUtilTest" time="0.51"/>
  <testcase name="read_valuesMissingFromFile_defaultValuesUsed()" classname="seedu.address.commons.util.ConfigUtilTest" time="0.113"/>
  <testcase name="read_null_throwsNullPointerException()" classname="seedu.address.commons.util.ConfigUtilTest" time="0.001"/>
  <testcase name="read_fileInOrder_successfullyRead()" classname="seedu.address.commons.util.ConfigUtilTest" time="0.004"/>
  <testcase name="saveConfig_allInOrder_success()" classname="seedu.address.commons.util.ConfigUtilTest" time="0.044"/>
  <testcase name="read_extraValuesInFile_extraValuesIgnored()" classname="seedu.address.commons.util.ConfigUtilTest" time="0.003"/>
  <testcase name="save_nullConfig_throwsNullPointerException()" classname="seedu.address.commons.util.ConfigUtilTest" time="0.001"/>
  <testcase name="read_notJsonFormat_exceptionThrown()" classname="seedu.address.commons.util.ConfigUtilTest" time="0.008"/>
  <testcase name="save_nullFile_throwsNullPointerException()" classname="seedu.address.commons.util.ConfigUtilTest" time="0.001"/>
  <system-out><![CDATA[]]></system-out>
  <system-err><![CDATA[Apr 03, 2024 5:48:35 PM seedu.address.commons.util.JsonUtil readJsonFile
INFO: JSON file src/test/data/ConfigUtilTest/EmptyConfig.json found.
Apr 03, 2024 5:48:35 PM seedu.address.commons.util.JsonUtil readJsonFile
INFO: JSON file src/test/data/ConfigUtilTest/TypicalConfig.json found.
Apr 03, 2024 5:48:35 PM seedu.address.commons.util.JsonUtil readJsonFile
INFO: JSON file /var/folders/9j/z8yqrr5j50577jt_71cj2ntc0000gn/T/junit5585521420049812198/TempConfig.json found.
Apr 03, 2024 5:48:35 PM seedu.address.commons.util.JsonUtil readJsonFile
INFO: JSON file /var/folders/9j/z8yqrr5j50577jt_71cj2ntc0000gn/T/junit5585521420049812198/TempConfig.json found.
Apr 03, 2024 5:48:35 PM seedu.address.commons.util.JsonUtil readJsonFile
INFO: JSON file src/test/data/ConfigUtilTest/ExtraValuesConfig.json found.
Apr 03, 2024 5:48:35 PM seedu.address.commons.util.JsonUtil readJsonFile
INFO: JSON file src/test/data/ConfigUtilTest/NotJsonFormatConfig.json found.
Apr 03, 2024 5:48:35 PM seedu.address.commons.util.JsonUtil readJsonFile
WARNING: Error reading from jsonFile file src/test/data/ConfigUtilTest/NotJsonFormatConfig.json: com.fasterxml.jackson.core.JsonParseException: Unrecognized token 'this': was expecting 'null', 'true', 'false' or NaN
 at [Source: this file is not in json format!
; line: 1, column: 5]
]]></system-err>
</testsuite>
