<?xml version="1.0" encoding="UTF-8"?>
<testsuite name="seedu.address.storage.StorageManagerTest" tests="3" skipped="0" failures="0" errors="0" timestamp="2024-04-03T09:48:36" hostname="evelyns-air-3.lan" time="0.009">
  <properties/>
  <testcase name="addressBookReadSave()" classname="seedu.address.storage.StorageManagerTest" time="0.005"/>
  <testcase name="prefsReadSave()" classname="seedu.address.storage.StorageManagerTest" time="0.003"/>
  <testcase name="getAddressBookFilePath()" classname="seedu.address.storage.StorageManagerTest" time="0.001"/>
  <system-out><![CDATA[]]></system-out>
  <system-err><![CDATA[Apr 03, 2024 5:48:36 PM seedu.address.commons.util.JsonUtil readJsonFile
INFO: JSON file /var/folders/9j/z8yqrr5j50577jt_71cj2ntc0000gn/T/junit4624587499928906055/ab found.
Apr 03, 2024 5:48:36 PM seedu.address.commons.util.JsonUtil readJsonFile
INFO: JSON file /var/folders/9j/z8yqrr5j50577jt_71cj2ntc0000gn/T/junit11829364655212676959/prefs found.
]]></system-err>
</testsuite>
