<?xml version="1.0" encoding="UTF-8"?>
<testsuite name="seedu.address.storage.JsonSerializableAddressBookTest" tests="3" skipped="0" failures="0" errors="0" timestamp="2024-04-03T09:48:36" hostname="evelyns-air-3.lan" time="0.014">
  <properties/>
  <testcase name="toModelType_invalidStudentFile_throwsIllegalValueException()" classname="seedu.address.storage.JsonSerializableAddressBookTest" time="0.002"/>
  <testcase name="toModelType_typicalStudentsFile_success()" classname="seedu.address.storage.JsonSerializableAddressBookTest" time="0.009"/>
  <testcase name="toModelType_duplicateStudents_throwsIllegalValueException()" classname="seedu.address.storage.JsonSerializableAddressBookTest" time="0.002"/>
  <system-out><![CDATA[]]></system-out>
  <system-err><![CDATA[Apr 03, 2024 5:48:36 PM seedu.address.commons.util.JsonUtil readJsonFile
INFO: JSON file src/test/data/JsonSerializableAddressBookTest/invalidStudentAddressBook.json found.
Apr 03, 2024 5:48:36 PM seedu.address.commons.util.JsonUtil readJsonFile
INFO: JSON file src/test/data/JsonSerializableAddressBookTest/typicalStudentAddressBook.json found.
Apr 03, 2024 5:48:36 PM seedu.address.commons.util.JsonUtil readJsonFile
INFO: JSON file src/test/data/JsonSerializableAddressBookTest/duplicateStudentAddressBook.json found.
]]></system-err>
</testsuite>
