<?xml version="1.0" encoding="UTF-8"?>
<testsuite name="seedu.address.logic.parser.AddCommandParserTest" tests="5" skipped="0" failures="0" errors="0" timestamp="2024-04-03T09:48:35" hostname="evelyns-air-3.lan" time="0.099">
  <properties/>
  <testcase name="parse_repeatedNonTagValue_failure()" classname="seedu.address.logic.parser.AddCommandParserTest" time="0.035"/>
  <testcase name="parse_optionalFieldsMissing_success()" classname="seedu.address.logic.parser.AddCommandParserTest" time="0.006"/>
  <testcase name="parse_allFieldsPresent_success()" classname="seedu.address.logic.parser.AddCommandParserTest" time="0.01"/>
  <testcase name="parse_invalidValue_failure()" classname="seedu.address.logic.parser.AddCommandParserTest" time="0.013"/>
  <testcase name="parse_compulsoryFieldMissing_failure()" classname="seedu.address.logic.parser.AddCommandParserTest" time="0.031"/>
  <system-out><![CDATA[]]></system-out>
  <system-err><![CDATA[]]></system-err>
</testsuite>
