<?xml version="1.0" encoding="UTF-8"?>
<testsuite name="seedu.address.logic.parser.StarCommandParserTest" tests="4" skipped="0" failures="0" errors="0" timestamp="2024-04-03T09:48:36" hostname="evelyns-air-3.lan" time="0.005">
  <properties/>
  <testcase name="parse_validArgs_returnsStarCommand()" classname="seedu.address.logic.parser.StarCommandParserTest" time="0.001"/>
  <testcase name="parse_invalidArgs_throwsParseException()" classname="seedu.address.logic.parser.StarCommandParserTest" time="0.001"/>
  <testcase name="parse_missingParts_failure()" classname="seedu.address.logic.parser.StarCommandParserTest" time="0.0"/>
  <testcase name="parse_invalidPreamble_failure()" classname="seedu.address.logic.parser.StarCommandParserTest" time="0.001"/>
  <system-out><![CDATA[]]></system-out>
  <system-err><![CDATA[]]></system-err>
</testsuite>
