<?xml version="1.0" encoding="UTF-8"?>
<testsuite name="seedu.address.logic.commands.CommandResultTest" tests="3" skipped="0" failures="0" errors="0" timestamp="2024-04-03T09:48:35" hostname="evelyns-air-3.lan" time="0.012">
  <properties/>
  <testcase name="equals()" classname="seedu.address.logic.commands.CommandResultTest" time="0.0"/>
  <testcase name="toStringMethod()" classname="seedu.address.logic.commands.CommandResultTest" time="0.008"/>
  <testcase name="hashcode()" classname="seedu.address.logic.commands.CommandResultTest" time="0.002"/>
  <system-out><![CDATA[]]></system-out>
  <system-err><![CDATA[]]></system-err>
</testsuite>
