<?xml version="1.0" encoding="UTF-8"?>
<testsuite name="seedu.address.commons.util.FileUtilTest" tests="1" skipped="0" failures="0" errors="0" timestamp="2024-04-03T09:48:35" hostname="evelyns-air-3.lan" time="0.002">
  <properties/>
  <testcase name="isValidPath()" classname="seedu.address.commons.util.FileUtilTest" time="0.002"/>
  <system-out><![CDATA[]]></system-out>
  <system-err><![CDATA[]]></system-err>
</testsuite>
