<?xml version="1.0" encoding="UTF-8"?>
<testsuite name="seedu.address.logic.LogicManagerTest" tests="6" skipped="0" failures="0" errors="0" timestamp="2024-04-03T09:48:35" hostname="evelyns-air-3.lan" time="0.115">
  <properties/>
  <testcase name="execute_invalidCommandFormat_throwsParseException()" classname="seedu.address.logic.LogicManagerTest" time="0.01"/>
  <testcase name="execute_storageThrowsAdException_throwsCommandException()" classname="seedu.address.logic.LogicManagerTest" time="0.073"/>
  <testcase name="execute_validCommand_success()" classname="seedu.address.logic.LogicManagerTest" time="0.016"/>
  <testcase name="getFilteredStudentList_modifyList_throwsUnsupportedOperationException()" classname="seedu.address.logic.LogicManagerTest" time="0.002"/>
  <testcase name="execute_storageThrowsIoException_throwsCommandException()" classname="seedu.address.logic.LogicManagerTest" time="0.003"/>
  <testcase name="execute_commandExecutionError_throwsCommandException()" classname="seedu.address.logic.LogicManagerTest" time="0.005"/>
  <system-out><![CDATA[]]></system-out>
  <system-err><![CDATA[Apr 03, 2024 5:48:35 PM seedu.address.logic.LogicManager execute
INFO: ----------------[USER COMMAND][uicfhmowqewca]
Apr 03, 2024 5:48:35 PM seedu.address.logic.LogicManager execute
INFO: ----------------[USER COMMAND][add n/Amy Bee p/11111111 e/amy@example.com m/Business]
Apr 03, 2024 5:48:35 PM seedu.address.logic.LogicManager execute
INFO: ----------------[USER COMMAND][list]
Apr 03, 2024 5:48:35 PM seedu.address.logic.LogicManager execute
INFO: ----------------[USER COMMAND][add n/Amy Bee p/11111111 e/amy@example.com m/Business]
Apr 03, 2024 5:48:35 PM seedu.address.logic.LogicManager execute
INFO: ----------------[USER COMMAND][delete 9]
]]></system-err>
</testsuite>
